Performing C SOURCE FILE Test CMAKE_HAVE_LIBC_PTHREAD failed with the following output:
Change Dir: C:/Users/sohad/Documents/University/Senior-1 Fall 2022/CMPN205 Computer graphics/CMPN205-Game-Engine/build/CMakeFiles/CMakeScratch/TryCompile-jjpse6

Run Build Command(s):C:/Program Files (x86)/Microsoft Visual Studio/2022/BuildTools/MSBuild/Current/Bin/amd64/MSBuild.exe cmTC_d460e.vcxproj /p:Configuration=Debug /p:Platform=x64 /p:VisualStudioVersion=17.0 /v:m && MSBuild version 17.3.0+f67e3d35e for .NET Framework
  Microsoft (R) C/C++ Optimizing Compiler Version 19.33.31629 for x64
  src.c
  Copyright (C) Microsoft Corporation.  All rights reserved.
  cl /c /Zi /W3 /WX- /diagnostics:column /Od /Ob0 /D _MBCS /D WIN32 /D _WINDOWS /D CMAKE_HAVE_LIBC_PTHREAD /D "CMAKE_INTDIR=\"Debug\"" /Gm- /RTC1 /MDd /GS /fp:precise /Zc:wchar_t /Zc:forScope /Zc:inline /Fo"cmTC_d460e.dir\Debug\\" /Fd"cmTC_d460e.dir\Debug\vc143.pdb" /external:W3 /Gd /TC /errorReport:queue "C:\Users\sohad\Documents\University\Senior-1 Fall 2022\CMPN205 Computer graphics\CMPN205-Game-Engine\build\CMakeFiles\CMakeScratch\TryCompile-jjpse6\src.c"
C:\Users\sohad\Documents\University\Senior-1 Fall 2022\CMPN205 Computer graphics\CMPN205-Game-Engine\build\CMakeFiles\CMakeScratch\TryCompile-jjpse6\src.c(1,10): fatal  error C1083: Cannot open include file: 'pthread.h': No such file or directory [C:\Users\sohad\Documents\University\Senior-1 Fall 2022\CMPN205 Computer graphics\CMPN205-Game-Engine\build\CMakeFiles\CMakeScratch\TryCompile-jjpse6\cmTC_d460e.vcxproj]


Source file was:
#include <pthread.h>

static void* test_func(void* data)
{
  return data;
}

int main(void)
{
  pthread_t thread;
  pthread_create(&thread, NULL, test_func, NULL);
  pthread_detach(thread);
  pthread_cancel(thread);
  pthread_join(thread, NULL);
  pthread_atfork(NULL, NULL, NULL);
  pthread_exit(NULL);

  return 0;
}


Determining if the function pthread_create exists in the pthreads failed with the following output:
Change Dir: C:/Users/sohad/Documents/University/Senior-1 Fall 2022/CMPN205 Computer graphics/CMPN205-Game-Engine/build/CMakeFiles/CMakeScratch/TryCompile-y42w9j

Run Build Command(s):C:/Program Files (x86)/Microsoft Visual Studio/2022/BuildTools/MSBuild/Current/Bin/amd64/MSBuild.exe cmTC_f2a49.vcxproj /p:Configuration=Debug /p:Platform=x64 /p:VisualStudioVersion=17.0 /v:m && MSBuild version 17.3.0+f67e3d35e for .NET Framework
  Microsoft (R) C/C++ Optimizing Compiler Version 19.33.31629 for x64
  CheckFunctionExists.c
  Copyright (C) Microsoft Corporation.  All rights reserved.
  cl /c /Zi /W3 /WX- /diagnostics:column /Od /Ob0 /D _MBCS /D WIN32 /D _WINDOWS /D CHECK_FUNCTION_EXISTS=pthread_create /D "CMAKE_INTDIR=\"Debug\"" /Gm- /RTC1 /MDd /GS /fp:precise /Zc:wchar_t /Zc:forScope /Zc:inline /Fo"cmTC_f2a49.dir\Debug\\" /Fd"cmTC_f2a49.dir\Debug\vc143.pdb" /external:W3 /Gd /TC /errorReport:queue "C:\Users\sohad\Documents\University\Senior-1 Fall 2022\CMPN205 Computer graphics\CMPN205-Game-Engine\build\CMakeFiles\CMakeScratch\TryCompile-y42w9j\CheckFunctionExists.c"
LINK : fatal error LNK1104: cannot open file 'pthreads.lib' [C:\Users\sohad\Documents\University\Senior-1 Fall 2022\CMPN205 Computer graphics\CMPN205-Game-Engine\build\CMakeFiles\CMakeScratch\TryCompile-y42w9j\cmTC_f2a49.vcxproj]



Determining if the function pthread_create exists in the pthread failed with the following output:
Change Dir: C:/Users/sohad/Documents/University/Senior-1 Fall 2022/CMPN205 Computer graphics/CMPN205-Game-Engine/build/CMakeFiles/CMakeScratch/TryCompile-ca58m4

Run Build Command(s):C:/Program Files (x86)/Microsoft Visual Studio/2022/BuildTools/MSBuild/Current/Bin/amd64/MSBuild.exe cmTC_7c27d.vcxproj /p:Configuration=Debug /p:Platform=x64 /p:VisualStudioVersion=17.0 /v:m && MSBuild version 17.3.0+f67e3d35e for .NET Framework
  Microsoft (R) C/C++ Optimizing Compiler Version 19.33.31629 for x64
  CheckFunctionExists.c
  Copyright (C) Microsoft Corporation.  All rights reserved.
  cl /c /Zi /W3 /WX- /diagnostics:column /Od /Ob0 /D _MBCS /D WIN32 /D _WINDOWS /D CHECK_FUNCTION_EXISTS=pthread_create /D "CMAKE_INTDIR=\"Debug\"" /Gm- /RTC1 /MDd /GS /fp:precise /Zc:wchar_t /Zc:forScope /Zc:inline /Fo"cmTC_7c27d.dir\Debug\\" /Fd"cmTC_7c27d.dir\Debug\vc143.pdb" /external:W3 /Gd /TC /errorReport:queue "C:\Users\sohad\Documents\University\Senior-1 Fall 2022\CMPN205 Computer graphics\CMPN205-Game-Engine\build\CMakeFiles\CMakeScratch\TryCompile-ca58m4\CheckFunctionExists.c"
LINK : fatal error LNK1104: cannot open file 'pthread.lib' [C:\Users\sohad\Documents\University\Senior-1 Fall 2022\CMPN205 Computer graphics\CMPN205-Game-Engine\build\CMakeFiles\CMakeScratch\TryCompile-ca58m4\cmTC_7c27d.vcxproj]



